<?xml version="1.0" encoding="UTF-8"?>
<!-- Generated by org.testng.reporters.JUnitReportReporter -->
<testsuite skipped="0" hostname="DESKTOP-victoriak" name="smoketests.LoginPresentTestNG" tests="1" failures="0" timestamp="23 lip 2018 13:09:22 GMT" time="4.572" errors="0">
  <testcase name="loginElementsPresentTest" time="4.572" classname="smoketests.LoginPresentTestNG"/>
</testsuite> <!-- smoketests.LoginPresentTestNG -->
